<?xml version="1.0" encoding="UTF-8"?>
<!-- Generated by org.testng.reporters.JUnitReportReporter -->
<testsuite hostname="seleniuminstance2-0" failures="0" tests="1" name="runner.Testcase1" time="29.465" errors="0" timestamp="2023-09-28T03:42:47 UTC" skipped="0">
  <testcase classname="runner.Testcase1" name="tc_001" time="29.465"/>
</testsuite> <!-- runner.Testcase1 -->
